<?xml version="1.0" encoding="UTF-8"?>
<!-- Generated by org.testng.reporters.JUnitXMLReporter -->
<testsuite hostname="Tejas" name="Default test" tests="2" failures="0" timestamp="21 Oct 2019 17:59:30 GMT" time="17.511" errors="0">
  <testcase name="@BeforeClass initialize" time="0.0" classname="testScript.TC_FlightBooking_LoginWithMultipleDataSets">
    <failure type="org.openqa.selenium.SessionNotCreatedException" message="session not created
from chrome not reachable
  (Session info: chrome=77.0.3865.120)
Build info: version: &amp;apos;3.141.59&amp;apos;, revision: &amp;apos;e82be7d358&amp;apos;, time: &amp;apos;2018-11-14T08:25:53&amp;apos;
System info: host: &amp;apos;TEJAS&amp;apos;, ip: &amp;apos;192.168.43.132&amp;apos;, os.name: &amp;apos;Windows 10&amp;apos;, os.arch: &amp;apos;amd64&amp;apos;, os.version: &amp;apos;10.0&amp;apos;, java.version: &amp;apos;1.8.0_221&amp;apos;
Driver info: driver.version: ChromeDriver
remote stacktrace: Backtrace:
	Ordinal0 [0x0075EB13+1501971]
	Ordinal0 [0x006DF6D1+980689]
	Ordinal0 [0x00667508+488712]
	Ordinal0 [0x0066131A+463642]
	Ordinal0 [0x006619C8+465352]
	Ordinal0 [0x00662AA5+469669]
	Ordinal0 [0x0065EC85+453765]
	Ordinal0 [0x00668330+492336]
	Ordinal0 [0x0061A108+172296]
	Ordinal0 [0x0061942D+169005]
	Ordinal0 [0x006178EB+162027]
	Ordinal0 [0x00600AC7+68295]
	Ordinal0 [0x00601B40+72512]
	Ordinal0 [0x00601AD9+72409]
	Ordinal0 [0x006F8F37+1085239]
	GetHandleVerifier [0x007FD7ED+503293]
	GetHandleVerifier [0x007FD580+502672]
	GetHandleVerifier [0x008046AC+531644]
	GetHandleVerifier [0x007FDFFA+505354]
	Ordinal0 [0x006F0606+1050118]
	Ordinal0 [0x006F047F+1049727]
	Ordinal0 [0x006FAF9B+1093531]
	Ordinal0 [0x006FB103+1093891]
	Ordinal0 [0x006FA095+1089685]
	BaseThreadInitThunk [0x76456359+25]
	RtlGetAppContainerNamedObjectPath [0x77377B74+228]
	RtlGetAppContainerNamedObjectPath [0x77377B44+180]
">
      <![CDATA[org.openqa.selenium.SessionNotCreatedException: session not created
from chrome not reachable
  (Session info: chrome=77.0.3865.120)
Build info: version: '3.141.59', revision: 'e82be7d358', time: '2018-11-14T08:25:53'
System info: host: 'TEJAS', ip: '192.168.43.132', os.name: 'Windows 10', os.arch: 'amd64', os.version: '10.0', java.version: '1.8.0_221'
Driver info: driver.version: ChromeDriver
remote stacktrace: Backtrace:
	Ordinal0 [0x0075EB13+1501971]
	Ordinal0 [0x006DF6D1+980689]
	Ordinal0 [0x00667508+488712]
	Ordinal0 [0x0066131A+463642]
	Ordinal0 [0x006619C8+465352]
	Ordinal0 [0x00662AA5+469669]
	Ordinal0 [0x0065EC85+453765]
	Ordinal0 [0x00668330+492336]
	Ordinal0 [0x0061A108+172296]
	Ordinal0 [0x0061942D+169005]
	Ordinal0 [0x006178EB+162027]
	Ordinal0 [0x00600AC7+68295]
	Ordinal0 [0x00601B40+72512]
	Ordinal0 [0x00601AD9+72409]
	Ordinal0 [0x006F8F37+1085239]
	GetHandleVerifier [0x007FD7ED+503293]
	GetHandleVerifier [0x007FD580+502672]
	GetHandleVerifier [0x008046AC+531644]
	GetHandleVerifier [0x007FDFFA+505354]
	Ordinal0 [0x006F0606+1050118]
	Ordinal0 [0x006F047F+1049727]
	Ordinal0 [0x006FAF9B+1093531]
	Ordinal0 [0x006FB103+1093891]
	Ordinal0 [0x006FA095+1089685]
	BaseThreadInitThunk [0x76456359+25]
	RtlGetAppContainerNamedObjectPath [0x77377B74+228]
	RtlGetAppContainerNamedObjectPath [0x77377B44+180]

	at sun.reflect.NativeConstructorAccessorImpl.newInstance0(Native Method)
	at sun.reflect.NativeConstructorAccessorImpl.newInstance(Unknown Source)
	at sun.reflect.DelegatingConstructorAccessorImpl.newInstance(Unknown Source)
	at java.lang.reflect.Constructor.newInstance(Unknown Source)
	at org.openqa.selenium.remote.W3CHandshakeResponse.lambda$errorHandler$0(W3CHandshakeResponse.java:62)
	at org.openqa.selenium.remote.HandshakeResponse.lambda$getResponseFunction$0(HandshakeResponse.java:30)
	at org.openqa.selenium.remote.ProtocolHandshake.lambda$createSession$0(ProtocolHandshake.java:126)
	at java.util.stream.ReferencePipeline$3$1.accept(Unknown Source)
	at java.util.Spliterators$ArraySpliterator.tryAdvance(Unknown Source)
	at java.util.stream.ReferencePipeline.forEachWithCancel(Unknown Source)
	at java.util.stream.AbstractPipeline.copyIntoWithCancel(Unknown Source)
	at java.util.stream.AbstractPipeline.copyInto(Unknown Source)
	at java.util.stream.AbstractPipeline.wrapAndCopyInto(Unknown Source)
	at java.util.stream.FindOps$FindOp.evaluateSequential(Unknown Source)
	at java.util.stream.AbstractPipeline.evaluate(Unknown Source)
	at java.util.stream.ReferencePipeline.findFirst(Unknown Source)
	at org.openqa.selenium.remote.ProtocolHandshake.createSession(ProtocolHandshake.java:128)
	at org.openqa.selenium.remote.ProtocolHandshake.createSession(ProtocolHandshake.java:74)
	at org.openqa.selenium.remote.HttpCommandExecutor.execute(HttpCommandExecutor.java:136)
	at org.openqa.selenium.remote.service.DriverCommandExecutor.execute(DriverCommandExecutor.java:83)
	at org.openqa.selenium.remote.RemoteWebDriver.execute(RemoteWebDriver.java:552)
	at org.openqa.selenium.remote.RemoteWebDriver.startSession(RemoteWebDriver.java:213)
	at org.openqa.selenium.remote.RemoteWebDriver.<init>(RemoteWebDriver.java:131)
	at org.openqa.selenium.chrome.ChromeDriver.<init>(ChromeDriver.java:181)
	at org.openqa.selenium.chrome.ChromeDriver.<init>(ChromeDriver.java:168)
	at org.openqa.selenium.chrome.ChromeDriver.<init>(ChromeDriver.java:123)
	at libraries.ApplicationLibrary.launchBrowser(ApplicationLibrary.java:17)
	at testScript.TC_FlightBooking_LoginWithMultipleDataSets.initialize(TC_FlightBooking_LoginWithMultipleDataSets.java:27)
	at sun.reflect.NativeMethodAccessorImpl.invoke0(Native Method)
	at sun.reflect.NativeMethodAccessorImpl.invoke(Unknown Source)
	at sun.reflect.DelegatingMethodAccessorImpl.invoke(Unknown Source)
	at java.lang.reflect.Method.invoke(Unknown Source)
	at org.testng.internal.MethodInvocationHelper.invokeMethod(MethodInvocationHelper.java:86)
	at org.testng.internal.Invoker.invokeConfigurationMethod(Invoker.java:514)
	at org.testng.internal.Invoker.invokeConfigurations(Invoker.java:215)
	at org.testng.internal.Invoker.invokeConfigurations(Invoker.java:142)
	at org.testng.internal.TestMethodWorker.invokeBeforeClassMethods(TestMethodWorker.java:178)
	at org.testng.internal.TestMethodWorker.run(TestMethodWorker.java:108)
	at org.testng.TestRunner.privateRun(TestRunner.java:782)
	at org.testng.TestRunner.run(TestRunner.java:632)
	at org.testng.SuiteRunner.runTest(SuiteRunner.java:366)
	at org.testng.SuiteRunner.runSequentially(SuiteRunner.java:361)
	at org.testng.SuiteRunner.privateRun(SuiteRunner.java:319)
	at org.testng.SuiteRunner.run(SuiteRunner.java:268)
	at org.testng.SuiteRunnerWorker.runSuite(SuiteRunnerWorker.java:52)
	at org.testng.SuiteRunnerWorker.run(SuiteRunnerWorker.java:86)
	at org.testng.TestNG.runSuitesSequentially(TestNG.java:1244)
	at org.testng.TestNG.runSuitesLocally(TestNG.java:1169)
	at org.testng.TestNG.run(TestNG.java:1064)
	at org.testng.remote.RemoteTestNG.run(RemoteTestNG.java:113)
	at org.testng.remote.RemoteTestNG.initAndRun(RemoteTestNG.java:206)
	at org.testng.remote.RemoteTestNG.main(RemoteTestNG.java:177)
]]>
    </failure>
  </testcase> <!-- @BeforeClass initialize -->
  <testcase name="@AfterClass tearDown" time="0.0" classname="testScript.TC_FlightBooking_LoginWithMultipleDataSets">
    <skipped/>
  </testcase> <!-- @AfterClass tearDown -->
  <testcase name="loginTest" time="0.0" classname="testScript.TC_FlightBooking_LoginWithMultipleDataSets">
    <skipped/>
  </testcase> <!-- loginTest -->
  <testcase name="loginTest" time="0.0" classname="testScript.TC_FlightBooking_LoginWithMultipleDataSets">
    <skipped/>
  </testcase> <!-- loginTest -->
</testsuite> <!-- Default test -->
